2024-12-25 01:09:12 - Starting wallpaper manager
2024-12-25 01:09:12 - Found 1195 images and 27 videos
2024-12-25 01:09:12 - Setting video wallpaper: /home/chris/Pictures/newpc/mikunewgen/1844457805031539128_by_LaynaLazar.mp4
2024-12-25 01:09:18 - Setting image wallpaper: /home/chris/Pictures/newpc/mikunewgen/1840693519930864083_4_by_lefko_d.jpg
2024-12-25 01:14:30 - Starting wallpaper manager
2024-12-25 01:14:30 - Found 1195 images and 27 videos
2024-12-25 01:14:30 - Setting image wallpaper: /home/chris/Pictures/newpc/miku/Norded/Twitter/20240612_190356_nord_upscaled.png
2024-12-25 01:16:39 - Starting wallpaper manager
2024-12-25 01:16:39 - Found 1195 images and 27 videos
2024-12-25 01:16:39 - Setting image wallpaper: /home/chris/Pictures/newpc/mikunewgen/GcqFMqZaoAEe5RY.jpeg
2024-12-25 01:18:51 - Starting wallpaper manager
2024-12-25 01:18:51 - Found 596 images and 27 videos
2024-12-25 01:18:52 - Setting video wallpaper: /home/chris/Pictures/newpc/mikunewgen/The spirit of luck 🍀Commission for @npcKitsunya !.mp4
2024-12-25 01:19:12 - Setting video wallpaper: /home/chris/Pictures/newpc/mikunewgen/1868897504680698356_by_ZenlessW0rld.mp4
2024-12-25 01:19:14 - Setting video wallpaper: /home/chris/Pictures/newpc/mikunewgen/1844457805031539128_by_LaynaLazar.mp4
2024-12-25 01:19:31 - Setting image wallpaper: /home/chris/Pictures/newpc/mikunewgen/419561180_337942259140239_573288273103282662_n.jpeg
2024-12-25 01:23:31 - Setting video wallpaper: /home/chris/Pictures/newpc/mikunewgen/1841174138125500640_by_LaynaLazar.mp4
2024-12-25 01:23:52 - Setting video wallpaper: /home/chris/Pictures/newpc/mikunewgen/1840821209677906198_by_LaynaLazar.mp4
2024-12-25 01:24:07 - Setting video wallpaper: /home/chris/Pictures/newpc/mikunewgen/1833942977015951784_by_LaynaLazar.mp4
2024-12-25 01:24:27 - Setting image wallpaper: /home/chris/Pictures/newpc/mikunewgen/GFgaSonacAAlyWF.jpeg
2024-12-25 01:28:27 - Setting image wallpaper: /home/chris/Pictures/newpc/mikunewgen/TKY_6a-1839991192546640239-2.jpg
2024-12-25 01:32:39 - Loaded 1195 images and 27 videos.
2024-12-25 01:32:39 - Starting wallpaper script.
2024-12-25 01:32:39 - Setting static wallpaper: /home/chris/Pictures/newpc/miku/Norded/Twitter/20240606_003456_nord.jpg
2024-12-25 01:34:32 - Loaded 1195 images and 27 videos.
2024-12-25 01:34:32 - Starting wallpaper script.
2024-12-25 01:34:32 - Setting animated wallpaper: /home/chris/Pictures/newpc/mikunewgen/1869788535051694593_by_IsaaCorva.mp4
2024-12-25 01:34:46 - Setting static wallpaper: /home/chris/Pictures/newpc/miku/Norded/Twitter/20240603_022822_nord.jpg
